# JRE version: OpenJDK Runtime Environment Temurin-17.0.7+7 (17.0.7+7) (build 17.0.7+7)
# Java VM: OpenJDK 64-Bit Server VM Temurin-17.0.7+7 (17.0.7+7, mixed mode, tiered, compressed oops, compressed class ptrs, parallel gc, windows-amd64)
GC Precious Log:
 CPUs: 4 total, 4 available
 Memory: 8122M
 Large Page Support: Disabled
 NUMA Support: Disabled
 Compressed Oops: Enabled (32-bit)
 Alignments: Space 512K, Generation 512K, Heap 2M
 Heap Min Capacity: 100M
 Heap Initial Capacity: 100M
 Heap Max Capacity: 1G
 Pre-touch: Disabled
 Parallel Workers: 4
Heap:
 PSYoungGen      total 13312K, used 12763K [0x00000000eab00000, 0x00000000ebd80000, 0x0000000100000000)
  eden space 12800K, 96% used [0x00000000eab00000,0x00000000eb716c50,0x00000000eb780000)
  from space 512K, 75% used [0x00000000ebd00000,0x00000000ebd60000,0x00000000ebd80000)
  to   space 1024K, 0% used [0x00000000ebb80000,0x00000000ebb80000,0x00000000ebc80000)
 ParOldGen       total 68608K, used 45478K [0x00000000c0000000, 0x00000000c4300000, 0x00000000eab00000)
  object space 68608K, 66% used [0x00000000c0000000,0x00000000c2c69b68,0x00000000c4300000)
 Metaspace       used 56566K, committed 57600K, reserved 1114112K
  class space    used 6553K, committed 7040K, reserved 1048576K
GC Heap History (20 events):
Event: 22.281 GC heap before
{Heap before GC invocations=21 (full 2):
 PSYoungGen      total 22528K, used 22400K [0x00000000eab00000, 0x00000000ec300000, 0x0000000100000000)
  eden space 20480K, 100% used [0x00000000eab00000,0x00000000ebf00000,0x00000000ebf00000)
  from space 2048K, 93% used [0x00000000ec100000,0x00000000ec2e0000,0x00000000ec300000)
  to   space 2048K, 0% used [0x00000000ebf00000,0x00000000ebf00000,0x00000000ec100000)
 ParOldGen       total 68608K, used 24945K [0x00000000c0000000, 0x00000000c4300000, 0x00000000eab00000)
  object space 68608K, 36% used [0x00000000c0000000,0x00000000c185c7e0,0x00000000c4300000)
 Metaspace       used 49193K, committed 50112K, reserved 1114112K
  class space    used 5334K, committed 5760K, reserved 1048576K
}
Event: 22.286 GC heap after
{Heap after GC invocations=21 (full 2):
 PSYoungGen      total 22528K, used 2048K [0x00000000eab00000, 0x00000000ec800000, 0x0000000100000000)
  eden space 20480K, 0% used [0x00000000eab00000,0x00000000eab00000,0x00000000ebf00000)
  from space 2048K, 100% used [0x00000000ebf00000,0x00000000ec100000,0x00000000ec100000)
  to   space 4608K, 0% used [0x00000000ec380000,0x00000000ec380000,0x00000000ec800000)
 ParOldGen       total 68608K, used 26837K [0x00000000c0000000, 0x00000000c4300000, 0x00000000eab00000)
  object space 68608K, 39% used [0x00000000c0000000,0x00000000c1a355e8,0x00000000c4300000)
 Metaspace       used 49193K, committed 50112K, reserved 1114112K
  class space    used 5334K, committed 5760K, reserved 1048576K
}
Event: 22.351 GC heap before
{Heap before GC invocations=22 (full 2):
 PSYoungGen      total 22528K, used 22528K [0x00000000eab00000, 0x00000000ec800000, 0x0000000100000000)
  eden space 20480K, 100% used [0x00000000eab00000,0x00000000ebf00000,0x00000000ebf00000)
  from space 2048K, 100% used [0x00000000ebf00000,0x00000000ec100000,0x00000000ec100000)
  to   space 4608K, 0% used [0x00000000ec380000,0x00000000ec380000,0x00000000ec800000)
 ParOldGen       total 68608K, used 26837K [0x00000000c0000000, 0x00000000c4300000, 0x00000000eab00000)
  object space 68608K, 39% used [0x00000000c0000000,0x00000000c1a355e8,0x00000000c4300000)
 Metaspace       used 49193K, committed 50112K, reserved 1114112K
  class space    used 5334K, committed 5760K, reserved 1048576K
}
Event: 22.359 GC heap after
{Heap after GC invocations=22 (full 2):
 PSYoungGen      total 23040K, used 2208K [0x00000000eab00000, 0x00000000ec600000, 0x0000000100000000)
  eden space 20480K, 0% used [0x00000000eab00000,0x00000000eab00000,0x00000000ebf00000)
  from space 2560K, 86% used [0x00000000ec380000,0x00000000ec5a8010,0x00000000ec600000)
  to   space 3072K, 0% used [0x00000000ec000000,0x00000000ec000000,0x00000000ec300000)
 ParOldGen       total 68608K, used 28901K [0x00000000c0000000, 0x00000000c4300000, 0x00000000eab00000)
  object space 68608K, 42% used [0x00000000c0000000,0x00000000c1c395e8,0x00000000c4300000)
 Metaspace       used 49193K, committed 50112K, reserved 1114112K
  class space    used 5334K, committed 5760K, reserved 1048576K
}
Event: 22.880 GC heap before
{Heap before GC invocations=23 (full 2):
 PSYoungGen      total 23040K, used 22688K [0x00000000eab00000, 0x00000000ec600000, 0x0000000100000000)
  eden space 20480K, 100% used [0x00000000eab00000,0x00000000ebf00000,0x00000000ebf00000)
  from space 2560K, 86% used [0x00000000ec380000,0x00000000ec5a8010,0x00000000ec600000)
  to   space 3072K, 0% used [0x00000000ec000000,0x00000000ec000000,0x00000000ec300000)
 ParOldGen       total 68608K, used 28901K [0x00000000c0000000, 0x00000000c4300000, 0x00000000eab00000)
  object space 68608K, 42% used [0x00000000c0000000,0x00000000c1c395e8,0x00000000c4300000)
 Metaspace       used 49491K, committed 50432K, reserved 1114112K
  class space    used 5349K, committed 5760K, reserved 1048576K
}
Event: 22.885 GC heap after
{Heap after GC invocations=23 (full 2):
 PSYoungGen      total 22528K, used 1728K [0x00000000eab00000, 0x00000000ec400000, 0x0000000100000000)
  eden space 20480K, 0% used [0x00000000eab00000,0x00000000eab00000,0x00000000ebf00000)
  from space 2048K, 84% used [0x00000000ec000000,0x00000000ec1b0000,0x00000000ec200000)
  to   space 2048K, 0% used [0x00000000ec200000,0x00000000ec200000,0x00000000ec400000)
 ParOldGen       total 68608K, used 31067K [0x00000000c0000000, 0x00000000c4300000, 0x00000000eab00000)
  object space 68608K, 45% used [0x00000000c0000000,0x00000000c1e56e78,0x00000000c4300000)
 Metaspace       used 49491K, committed 50432K, reserved 1114112K
  class space    used 5349K, committed 5760K, reserved 1048576K
}
Event: 23.677 GC heap before
{Heap before GC invocations=24 (full 2):
 PSYoungGen      total 22528K, used 22203K [0x00000000eab00000, 0x00000000ec400000, 0x0000000100000000)
  eden space 20480K, 99% used [0x00000000eab00000,0x00000000ebefecc8,0x00000000ebf00000)
  from space 2048K, 84% used [0x00000000ec000000,0x00000000ec1b0000,0x00000000ec200000)
  to   space 2048K, 0% used [0x00000000ec200000,0x00000000ec200000,0x00000000ec400000)
 ParOldGen       total 68608K, used 31067K [0x00000000c0000000, 0x00000000c4300000, 0x00000000eab00000)
  object space 68608K, 45% used [0x00000000c0000000,0x00000000c1e56e78,0x00000000c4300000)
 Metaspace       used 50871K, committed 51840K, reserved 1114112K
  class space    used 5590K, committed 6016K, reserved 1048576K
}
Event: 23.684 GC heap after
{Heap after GC invocations=24 (full 2):
 PSYoungGen      total 14848K, used 2046K [0x00000000eab00000, 0x00000000ed400000, 0x0000000100000000)
  eden space 12800K, 0% used [0x00000000eab00000,0x00000000eab00000,0x00000000eb780000)
  from space 2048K, 99% used [0x00000000ec200000,0x00000000ec3ffab0,0x00000000ec400000)
  to   space 10752K, 0% used [0x00000000eb780000,0x00000000eb780000,0x00000000ec200000)
 ParOldGen       total 68608K, used 38278K [0x00000000c0000000, 0x00000000c4300000, 0x00000000eab00000)
  object space 68608K, 55% used [0x00000000c0000000,0x00000000c2561b28,0x00000000c4300000)
 Metaspace       used 50871K, committed 51840K, reserved 1114112K
  class space    used 5590K, committed 6016K, reserved 1048576K
}
Event: 23.927 GC heap before
{Heap before GC invocations=25 (full 2):
 PSYoungGen      total 14848K, used 14846K [0x00000000eab00000, 0x00000000ed400000, 0x0000000100000000)
  eden space 12800K, 100% used [0x00000000eab00000,0x00000000eb780000,0x00000000eb780000)
  from space 2048K, 99% used [0x00000000ec200000,0x00000000ec3ffab0,0x00000000ec400000)
  to   space 10752K, 0% used [0x00000000eb780000,0x00000000eb780000,0x00000000ec200000)
 ParOldGen       total 68608K, used 38278K [0x00000000c0000000, 0x00000000c4300000, 0x00000000eab00000)
  object space 68608K, 55% used [0x00000000c0000000,0x00000000c2561b28,0x00000000c4300000)
 Metaspace       used 52091K, committed 53056K, reserved 1114112K
  class space    used 5822K, committed 6272K, reserved 1048576K
}
Event: 23.929 GC heap after
{Heap after GC invocations=25 (full 2):
 PSYoungGen      total 13312K, used 480K [0x00000000eab00000, 0x00000000ec280000, 0x0000000100000000)
  eden space 12800K, 0% used [0x00000000eab00000,0x00000000eab00000,0x00000000eb780000)
  from space 512K, 93% used [0x00000000eb780000,0x00000000eb7f8000,0x00000000eb800000)
  to   space 4096K, 0% used [0x00000000ebe80000,0x00000000ebe80000,0x00000000ec280000)
 ParOldGen       total 68608K, used 40309K [0x00000000c0000000, 0x00000000c4300000, 0x00000000eab00000)
  object space 68608K, 58% used [0x00000000c0000000,0x00000000c275d5f8,0x00000000c4300000)
 Metaspace       used 52091K, committed 53056K, reserved 1114112K
  class space    used 5822K, committed 6272K, reserved 1048576K
}
Event: 24.260 GC heap before
{Heap before GC invocations=26 (full 2):
 PSYoungGen      total 13312K, used 13280K [0x00000000eab00000, 0x00000000ec280000, 0x0000000100000000)
  eden space 12800K, 100% used [0x00000000eab00000,0x00000000eb780000,0x00000000eb780000)
  from space 512K, 93% used [0x00000000eb780000,0x00000000eb7f8000,0x00000000eb800000)
  to   space 4096K, 0% used [0x00000000ebe80000,0x00000000ebe80000,0x00000000ec280000)
 ParOldGen       total 68608K, used 40309K [0x00000000c0000000, 0x00000000c4300000, 0x00000000eab00000)
  object space 68608K, 58% used [0x00000000c0000000,0x00000000c275d5f8,0x00000000c4300000)
 Metaspace       used 52644K, committed 53568K, reserved 1114112K
  class space    used 5892K, committed 6336K, reserved 1048576K
}
Event: 24.262 GC heap after
{Heap after GC invocations=26 (full 2):
 PSYoungGen      total 13312K, used 352K [0x00000000eab00000, 0x00000000ebf00000, 0x0000000100000000)
  eden space 12800K, 0% used [0x00000000eab00000,0x00000000eab00000,0x00000000eb780000)
  from space 512K, 68% used [0x00000000ebe80000,0x00000000ebed8000,0x00000000ebf00000)
  to   space 1024K, 0% used [0x00000000ebd00000,0x00000000ebd00000,0x00000000ebe00000)
 ParOldGen       total 68608K, used 40725K [0x00000000c0000000, 0x00000000c4300000, 0x00000000eab00000)
  object space 68608K, 59% used [0x00000000c0000000,0x00000000c27c55f8,0x00000000c4300000)
 Metaspace       used 52644K, committed 53568K, reserved 1114112K
  class space    used 5892K, committed 6336K, reserved 1048576K
}
Event: 24.489 GC heap before
{Heap before GC invocations=27 (full 2):
 PSYoungGen      total 13312K, used 13152K [0x00000000eab00000, 0x00000000ebf00000, 0x0000000100000000)
  eden space 12800K, 100% used [0x00000000eab00000,0x00000000eb780000,0x00000000eb780000)
  from space 512K, 68% used [0x00000000ebe80000,0x00000000ebed8000,0x00000000ebf00000)
  to   space 1024K, 0% used [0x00000000ebd00000,0x00000000ebd00000,0x00000000ebe00000)
 ParOldGen       total 68608K, used 40725K [0x00000000c0000000, 0x00000000c4300000, 0x00000000eab00000)
  object space 68608K, 59% used [0x00000000c0000000,0x00000000c27c55f8,0x00000000c4300000)
 Metaspace       used 52652K, committed 53568K, reserved 1114112K
  class space    used 5892K, committed 6336K, reserved 1048576K
}
Event: 24.490 GC heap after
{Heap after GC invocations=27 (full 2):
 PSYoungGen      total 13824K, used 320K [0x00000000eab00000, 0x00000000ebf00000, 0x0000000100000000)
  eden space 12800K, 0% used [0x00000000eab00000,0x00000000eab00000,0x00000000eb780000)
  from space 1024K, 31% used [0x00000000ebd00000,0x00000000ebd50000,0x00000000ebe00000)
  to   space 512K, 0% used [0x00000000ebe80000,0x00000000ebe80000,0x00000000ebf00000)
 ParOldGen       total 68608K, used 41006K [0x00000000c0000000, 0x00000000c4300000, 0x00000000eab00000)
  object space 68608K, 59% used [0x00000000c0000000,0x00000000c280b998,0x00000000c4300000)
 Metaspace       used 52652K, committed 53568K, reserved 1114112K
  class space    used 5892K, committed 6336K, reserved 1048576K
}
Event: 24.684 GC heap before
{Heap before GC invocations=28 (full 2):
 PSYoungGen      total 13824K, used 13120K [0x00000000eab00000, 0x00000000ebf00000, 0x0000000100000000)
  eden space 12800K, 100% used [0x00000000eab00000,0x00000000eb780000,0x00000000eb780000)
  from space 1024K, 31% used [0x00000000ebd00000,0x00000000ebd50000,0x00000000ebe00000)
  to   space 512K, 0% used [0x00000000ebe80000,0x00000000ebe80000,0x00000000ebf00000)
 ParOldGen       total 68608K, used 41006K [0x00000000c0000000, 0x00000000c4300000, 0x00000000eab00000)
  object space 68608K, 59% used [0x00000000c0000000,0x00000000c280b998,0x00000000c4300000)
 Metaspace       used 52712K, committed 53696K, reserved 1114112K
  class space    used 5901K, committed 6336K, reserved 1048576K
}
Event: 24.688 GC heap after
{Heap after GC invocations=28 (full 2):
 PSYoungGen      total 13312K, used 490K [0x00000000eab00000, 0x00000000ec180000, 0x0000000100000000)
  eden space 12800K, 0% used [0x00000000eab00000,0x00000000eab00000,0x00000000eb780000)
  from space 512K, 95% used [0x00000000ebe80000,0x00000000ebefab50,0x00000000ebf00000)
  to   space 5120K, 0% used [0x00000000eb780000,0x00000000eb780000,0x00000000ebc80000)
 ParOldGen       total 68608K, used 44507K [0x00000000c0000000, 0x00000000c4300000, 0x00000000eab00000)
  object space 68608K, 64% used [0x00000000c0000000,0x00000000c2b76f48,0x00000000c4300000)
 Metaspace       used 52712K, committed 53696K, reserved 1114112K
  class space    used 5901K, committed 6336K, reserved 1048576K
}
Event: 25.009 GC heap before
{Heap before GC invocations=29 (full 2):
 PSYoungGen      total 13312K, used 13290K [0x00000000eab00000, 0x00000000ec180000, 0x0000000100000000)
  eden space 12800K, 100% used [0x00000000eab00000,0x00000000eb780000,0x00000000eb780000)
  from space 512K, 95% used [0x00000000ebe80000,0x00000000ebefab50,0x00000000ebf00000)
  to   space 5120K, 0% used [0x00000000eb780000,0x00000000eb780000,0x00000000ebc80000)
 ParOldGen       total 68608K, used 44507K [0x00000000c0000000, 0x00000000c4300000, 0x00000000eab00000)
  object space 68608K, 64% used [0x00000000c0000000,0x00000000c2b76f48,0x00000000c4300000)
 Metaspace       used 53638K, committed 54592K, reserved 1114112K
  class space    used 6096K, committed 6528K, reserved 1048576K
}
Event: 25.012 GC heap after
{Heap after GC invocations=29 (full 2):
 PSYoungGen      total 17920K, used 544K [0x00000000eab00000, 0x00000000ebf00000, 0x0000000100000000)
  eden space 12800K, 0% used [0x00000000eab00000,0x00000000eab00000,0x00000000eb780000)
  from space 5120K, 10% used [0x00000000eb780000,0x00000000eb808020,0x00000000ebc80000)
  to   space 2048K, 0% used [0x00000000ebd00000,0x00000000ebd00000,0x00000000ebf00000)
 ParOldGen       total 68608K, used 44998K [0x00000000c0000000, 0x00000000c4300000, 0x00000000eab00000)
  object space 68608K, 65% used [0x00000000c0000000,0x00000000c2bf1b08,0x00000000c4300000)
 Metaspace       used 53638K, committed 54592K, reserved 1114112K
  class space    used 6096K, committed 6528K, reserved 1048576K
}
Event: 25.393 GC heap before
{Heap before GC invocations=30 (full 2):
 PSYoungGen      total 17920K, used 13344K [0x00000000eab00000, 0x00000000ebf00000, 0x0000000100000000)
  eden space 12800K, 100% used [0x00000000eab00000,0x00000000eb780000,0x00000000eb780000)
  from space 5120K, 10% used [0x00000000eb780000,0x00000000eb808020,0x00000000ebc80000)
  to   space 2048K, 0% used [0x00000000ebd00000,0x00000000ebd00000,0x00000000ebf00000)
 ParOldGen       total 68608K, used 44998K [0x00000000c0000000, 0x00000000c4300000, 0x00000000eab00000)
  object space 68608K, 65% used [0x00000000c0000000,0x00000000c2bf1b08,0x00000000c4300000)
 Metaspace       used 55085K, committed 56128K, reserved 1114112K
  class space    used 6347K, committed 6848K, reserved 1048576K
}
Event: 25.396 GC heap after
{Heap after GC invocations=30 (full 2):
 PSYoungGen      total 13312K, used 384K [0x00000000eab00000, 0x00000000ebd80000, 0x0000000100000000)
  eden space 12800K, 0% used [0x00000000eab00000,0x00000000eab00000,0x00000000eb780000)
  from space 512K, 75% used [0x00000000ebd00000,0x00000000ebd60000,0x00000000ebd80000)
  to   space 1024K, 0% used [0x00000000ebb80000,0x00000000ebb80000,0x00000000ebc80000)
 ParOldGen       total 68608K, used 45478K [0x00000000c0000000, 0x00000000c4300000, 0x00000000eab00000)
  object space 68608K, 66% used [0x00000000c0000000,0x00000000c2c69b68,0x00000000c4300000)
 Metaspace       used 55085K, committed 56128K, reserved 1114112K
  class space    used 6347K, committed 6848K, reserved 1048576K
}

